<?xml version="1.0" encoding="UTF-8"?>
<testng-results ignored="4" total="12" passed="3" failed="0" skipped="5">
  <reporter-output>
  </reporter-output>
  <suite started-at="2021-05-24T12:02:49Z" name="Default suite" finished-at="2021-05-24T12:04:42Z" duration-ms="112463">
    <groups>
    </groups>
    <test started-at="2021-05-24T12:02:49Z" name="Default test" finished-at="2021-05-24T12:04:42Z" duration-ms="112463">
      <class name="com.simplogics.utilities.TestUtil">
        <test-method is-config="true" signature="Emailsend()[pri:0, instance:com.simplogics.utilities.TestUtil@42b64ab8]" started-at="2021-05-24T17:34:24Z" name="Emailsend" finished-at="2021-05-24T17:34:42Z" duration-ms="17665" status="PASS">
          <reporter-output>
          </reporter-output>
        </test-method> <!-- Emailsend -->
      </class> <!-- com.simplogics.utilities.TestUtil -->
      <class name="com.simplogics.testcases.Loginpage">
        <test-method is-config="true" signature="setReport()[pri:0, instance:com.simplogics.testcases.Loginpage@274872f8]" started-at="2021-05-24T17:32:49Z" name="setReport" finished-at="2021-05-24T17:32:50Z" duration-ms="999" status="PASS">
          <reporter-output>
          </reporter-output>
        </test-method> <!-- setReport -->
        <test-method is-config="true" signature="setUp()[pri:0, instance:com.simplogics.testcases.Loginpage@274872f8]" started-at="2021-05-24T17:32:50Z" name="setUp" finished-at="2021-05-24T17:32:58Z" duration-ms="7459" status="PASS">
          <reporter-output>
          </reporter-output>
        </test-method> <!-- setUp -->
        <test-method signature="loginpage(java.lang.String, java.lang.String, java.lang.String)[pri:1, instance:com.simplogics.testcases.Loginpage@274872f8]" started-at="2021-05-24T17:32:58Z" name="loginpage" data-provider="dp" finished-at="2021-05-24T17:33:05Z" duration-ms="6941" status="PASS">
          <params>
            <param index="0">
              <value>
                <![CDATA[renu@simplogics.com]]>
              </value>
            </param>
            <param index="1">
              <value>
                <![CDATA[Theertham123]]>
              </value>
            </param>
            <param index="2">
              <value>
                <![CDATA[Y]]>
              </value>
            </param>
          </params>
          <reporter-output>
          </reporter-output>
        </test-method> <!-- loginpage -->
        <test-method is-config="true" signature="tearDown(org.testng.ITestResult)[pri:0, instance:com.simplogics.testcases.Loginpage@274872f8]" started-at="2021-05-24T17:33:05Z" name="tearDown" finished-at="2021-05-24T17:33:06Z" duration-ms="1493" status="PASS">
          <params>
            <param index="0">
              <value>
                <![CDATA[[TestResult name=loginpage status=SUCCESS method=Loginpage.loginpage(java.lang.String, java.lang.String, java.lang.String)[pri:1, instance:com.simplogics.testcases.Loginpage@274872f8] output={null}]]]>
              </value>
            </param>
          </params>
          <reporter-output>
          </reporter-output>
        </test-method> <!-- tearDown -->
      </class> <!-- com.simplogics.testcases.Loginpage -->
      <class name="com.simplogics.testcases.APIS">
        <test-method is-config="true" signature="setReport()[pri:0, instance:com.simplogics.testcases.APIS@76ba13c]" started-at="2021-05-24T17:33:06Z" name="setReport" finished-at="2021-05-24T17:33:07Z" duration-ms="246" status="PASS">
          <reporter-output>
          </reporter-output>
        </test-method> <!-- setReport -->
        <test-method is-config="true" signature="setUp()[pri:0, instance:com.simplogics.testcases.APIS@76ba13c]" started-at="2021-05-24T17:33:07Z" name="setUp" finished-at="2021-05-24T17:33:07Z" duration-ms="1" status="PASS">
          <reporter-output>
          </reporter-output>
        </test-method> <!-- setUp -->
        <test-method signature="Apis(java.lang.String, java.lang.String)[pri:2, instance:com.simplogics.testcases.APIS@76ba13c]" started-at="2021-05-24T17:33:07Z" name="Apis" data-provider="dp" finished-at="2021-05-24T17:33:47Z" duration-ms="40312" status="PASS">
          <params>
            <param index="0">
              <value>
                <![CDATA[ValidateUserCredentials]]>
              </value>
            </param>
            <param index="1">
              <value>
                <![CDATA[Y]]>
              </value>
            </param>
          </params>
          <reporter-output>
          </reporter-output>
        </test-method> <!-- Apis -->
        <test-method is-config="true" signature="tearDown(org.testng.ITestResult)[pri:0, instance:com.simplogics.testcases.APIS@76ba13c]" started-at="2021-05-24T17:33:47Z" name="tearDown" finished-at="2021-05-24T17:33:47Z" duration-ms="140" status="PASS">
          <params>
            <param index="0">
              <value>
                <![CDATA[[TestResult name=Apis status=SUCCESS method=APIS.Apis(java.lang.String, java.lang.String)[pri:2, instance:com.simplogics.testcases.APIS@76ba13c] output={null}]]]>
              </value>
            </param>
          </params>
          <reporter-output>
          </reporter-output>
        </test-method> <!-- tearDown -->
        <test-method is-config="true" signature="setReport()[pri:0, instance:com.simplogics.testcases.APIS@76ba13c]" started-at="2021-05-24T17:33:47Z" name="setReport" finished-at="2021-05-24T17:33:47Z" duration-ms="111" status="PASS">
          <reporter-output>
          </reporter-output>
        </test-method> <!-- setReport -->
        <test-method signature="Apis(java.lang.String, java.lang.String)[pri:2, instance:com.simplogics.testcases.APIS@76ba13c]" started-at="2021-05-24T17:33:47Z" name="Apis" data-provider="dp" finished-at="2021-05-24T17:34:23Z" duration-ms="35923" status="PASS">
          <params>
            <param index="0">
              <value>
                <![CDATA[GetInvoiceHeader]]>
              </value>
            </param>
            <param index="1">
              <value>
                <![CDATA[Y]]>
              </value>
            </param>
          </params>
          <reporter-output>
          </reporter-output>
        </test-method> <!-- Apis -->
        <test-method is-config="true" signature="setUp()[pri:0, instance:com.simplogics.testcases.APIS@76ba13c]" started-at="2021-05-24T17:33:47Z" name="setUp" finished-at="2021-05-24T17:33:47Z" duration-ms="0" status="PASS">
          <reporter-output>
          </reporter-output>
        </test-method> <!-- setUp -->
        <test-method is-config="true" signature="tearDown(org.testng.ITestResult)[pri:0, instance:com.simplogics.testcases.APIS@76ba13c]" started-at="2021-05-24T17:34:23Z" name="tearDown" finished-at="2021-05-24T17:34:23Z" duration-ms="145" status="PASS">
          <params>
            <param index="0">
              <value>
                <![CDATA[[TestResult name=Apis status=SUCCESS method=APIS.Apis(java.lang.String, java.lang.String)[pri:2, instance:com.simplogics.testcases.APIS@76ba13c] output={null}]]]>
              </value>
            </param>
          </params>
          <reporter-output>
          </reporter-output>
        </test-method> <!-- tearDown -->
        <test-method is-config="true" signature="setReport()[pri:0, instance:com.simplogics.testcases.APIS@76ba13c]" started-at="2021-05-24T17:34:23Z" name="setReport" finished-at="2021-05-24T17:34:23Z" duration-ms="230" status="PASS">
          <reporter-output>
          </reporter-output>
        </test-method> <!-- setReport -->
        <test-method is-config="true" signature="setUp()[pri:0, instance:com.simplogics.testcases.APIS@76ba13c]" started-at="2021-05-24T17:34:23Z" name="setUp" finished-at="2021-05-24T17:34:23Z" duration-ms="0" status="PASS">
          <reporter-output>
          </reporter-output>
        </test-method> <!-- setUp -->
        <test-method signature="Apis(java.lang.String, java.lang.String)[pri:2, instance:com.simplogics.testcases.APIS@76ba13c]" started-at="2021-05-24T17:34:23Z" name="Apis" data-provider="dp" finished-at="2021-05-24T17:34:23Z" duration-ms="3" status="SKIP">
          <params>
            <param index="0">
              <value>
                <![CDATA[CreateUpdateInvoiceHeader]]>
              </value>
            </param>
            <param index="1">
              <value>
                <![CDATA[N]]>
              </value>
            </param>
          </params>
          <exception class="org.testng.SkipException">
            <message>
              <![CDATA[Skipping the testcase as the Runmode for dataset is No]]>
            </message>
            <full-stacktrace>
              <![CDATA[org.testng.SkipException: Skipping the testcase as the Runmode for dataset is No
	at com.simplogics.testcases.APIS.Apis(APIS.java:24)
	at java.base/jdk.internal.reflect.NativeMethodAccessorImpl.invoke0(Native Method)
	at java.base/jdk.internal.reflect.NativeMethodAccessorImpl.invoke(NativeMethodAccessorImpl.java:62)
	at java.base/jdk.internal.reflect.DelegatingMethodAccessorImpl.invoke(DelegatingMethodAccessorImpl.java:43)
	at java.base/java.lang.reflect.Method.invoke(Method.java:566)
	at org.testng.internal.MethodInvocationHelper.invokeMethod(MethodInvocationHelper.java:108)
	at org.testng.internal.Invoker.invokeMethod(Invoker.java:661)
	at org.testng.internal.Invoker.invokeTestMethod(Invoker.java:869)
	at org.testng.internal.Invoker.invokeTestMethods(Invoker.java:1193)
	at org.testng.internal.TestMethodWorker.invokeTestMethods(TestMethodWorker.java:126)
	at org.testng.internal.TestMethodWorker.run(TestMethodWorker.java:109)
	at org.testng.TestRunner.privateRun(TestRunner.java:744)
	at org.testng.TestRunner.run(TestRunner.java:602)
	at org.testng.SuiteRunner.runTest(SuiteRunner.java:380)
	at org.testng.SuiteRunner.runSequentially(SuiteRunner.java:375)
	at org.testng.SuiteRunner.privateRun(SuiteRunner.java:340)
	at org.testng.SuiteRunner.run(SuiteRunner.java:289)
	at org.testng.SuiteRunnerWorker.runSuite(SuiteRunnerWorker.java:52)
	at org.testng.SuiteRunnerWorker.run(SuiteRunnerWorker.java:86)
	at org.testng.TestNG.runSuitesSequentially(TestNG.java:1301)
	at org.testng.TestNG.runSuitesLocally(TestNG.java:1226)
	at org.testng.TestNG.runSuites(TestNG.java:1144)
	at org.testng.TestNG.run(TestNG.java:1115)
	at org.testng.remote.AbstractRemoteTestNG.run(AbstractRemoteTestNG.java:115)
	at org.testng.remote.RemoteTestNG.initAndRun(RemoteTestNG.java:251)
	at org.testng.remote.RemoteTestNG.main(RemoteTestNG.java:77)
]]>
            </full-stacktrace>
          </exception> <!-- org.testng.SkipException -->
          <reporter-output>
          </reporter-output>
        </test-method> <!-- Apis -->
        <test-method is-config="true" signature="tearDown(org.testng.ITestResult)[pri:0, instance:com.simplogics.testcases.APIS@76ba13c]" started-at="2021-05-24T17:34:23Z" name="tearDown" finished-at="2021-05-24T17:34:23Z" duration-ms="2" status="PASS">
          <params>
            <param index="0">
              <value>
                <![CDATA[[TestResult name=Apis status=SKIP method=APIS.Apis(java.lang.String, java.lang.String)[pri:2, instance:com.simplogics.testcases.APIS@76ba13c] output={null}]]]>
              </value>
            </param>
          </params>
          <reporter-output>
          </reporter-output>
        </test-method> <!-- tearDown -->
        <test-method is-config="true" signature="setReport()[pri:0, instance:com.simplogics.testcases.APIS@76ba13c]" started-at="2021-05-24T17:34:23Z" name="setReport" finished-at="2021-05-24T17:34:24Z" duration-ms="233" status="PASS">
          <reporter-output>
          </reporter-output>
        </test-method> <!-- setReport -->
        <test-method is-config="true" signature="setUp()[pri:0, instance:com.simplogics.testcases.APIS@76ba13c]" started-at="2021-05-24T17:34:24Z" name="setUp" finished-at="2021-05-24T17:34:24Z" duration-ms="1" status="PASS">
          <reporter-output>
          </reporter-output>
        </test-method> <!-- setUp -->
        <test-method signature="Apis(java.lang.String, java.lang.String)[pri:2, instance:com.simplogics.testcases.APIS@76ba13c]" started-at="2021-05-24T17:34:24Z" name="Apis" data-provider="dp" finished-at="2021-05-24T17:34:24Z" duration-ms="7" status="SKIP">
          <params>
            <param index="0">
              <value>
                <![CDATA[GetDropdowns]]>
              </value>
            </param>
            <param index="1">
              <value>
                <![CDATA[N]]>
              </value>
            </param>
          </params>
          <exception class="org.testng.SkipException">
            <message>
              <![CDATA[Skipping the testcase as the Runmode for dataset is No]]>
            </message>
            <full-stacktrace>
              <![CDATA[org.testng.SkipException: Skipping the testcase as the Runmode for dataset is No
	at com.simplogics.testcases.APIS.Apis(APIS.java:24)
	at java.base/jdk.internal.reflect.NativeMethodAccessorImpl.invoke0(Native Method)
	at java.base/jdk.internal.reflect.NativeMethodAccessorImpl.invoke(NativeMethodAccessorImpl.java:62)
	at java.base/jdk.internal.reflect.DelegatingMethodAccessorImpl.invoke(DelegatingMethodAccessorImpl.java:43)
	at java.base/java.lang.reflect.Method.invoke(Method.java:566)
	at org.testng.internal.MethodInvocationHelper.invokeMethod(MethodInvocationHelper.java:108)
	at org.testng.internal.Invoker.invokeMethod(Invoker.java:661)
	at org.testng.internal.Invoker.invokeTestMethod(Invoker.java:869)
	at org.testng.internal.Invoker.invokeTestMethods(Invoker.java:1193)
	at org.testng.internal.TestMethodWorker.invokeTestMethods(TestMethodWorker.java:126)
	at org.testng.internal.TestMethodWorker.run(TestMethodWorker.java:109)
	at org.testng.TestRunner.privateRun(TestRunner.java:744)
	at org.testng.TestRunner.run(TestRunner.java:602)
	at org.testng.SuiteRunner.runTest(SuiteRunner.java:380)
	at org.testng.SuiteRunner.runSequentially(SuiteRunner.java:375)
	at org.testng.SuiteRunner.privateRun(SuiteRunner.java:340)
	at org.testng.SuiteRunner.run(SuiteRunner.java:289)
	at org.testng.SuiteRunnerWorker.runSuite(SuiteRunnerWorker.java:52)
	at org.testng.SuiteRunnerWorker.run(SuiteRunnerWorker.java:86)
	at org.testng.TestNG.runSuitesSequentially(TestNG.java:1301)
	at org.testng.TestNG.runSuitesLocally(TestNG.java:1226)
	at org.testng.TestNG.runSuites(TestNG.java:1144)
	at org.testng.TestNG.run(TestNG.java:1115)
	at org.testng.remote.AbstractRemoteTestNG.run(AbstractRemoteTestNG.java:115)
	at org.testng.remote.RemoteTestNG.initAndRun(RemoteTestNG.java:251)
	at org.testng.remote.RemoteTestNG.main(RemoteTestNG.java:77)
]]>
            </full-stacktrace>
          </exception> <!-- org.testng.SkipException -->
          <reporter-output>
          </reporter-output>
        </test-method> <!-- Apis -->
        <test-method is-config="true" signature="tearDown(org.testng.ITestResult)[pri:0, instance:com.simplogics.testcases.APIS@76ba13c]" started-at="2021-05-24T17:34:24Z" name="tearDown" finished-at="2021-05-24T17:34:24Z" duration-ms="2" status="PASS">
          <params>
            <param index="0">
              <value>
                <![CDATA[[TestResult name=Apis status=SKIP method=APIS.Apis(java.lang.String, java.lang.String)[pri:2, instance:com.simplogics.testcases.APIS@76ba13c] output={null}]]]>
              </value>
            </param>
          </params>
          <reporter-output>
          </reporter-output>
        </test-method> <!-- tearDown -->
        <test-method is-config="true" signature="setReport()[pri:0, instance:com.simplogics.testcases.APIS@76ba13c]" started-at="2021-05-24T17:34:24Z" name="setReport" finished-at="2021-05-24T17:34:24Z" duration-ms="150" status="PASS">
          <reporter-output>
          </reporter-output>
        </test-method> <!-- setReport -->
        <test-method is-config="true" signature="setUp()[pri:0, instance:com.simplogics.testcases.APIS@76ba13c]" started-at="2021-05-24T17:34:24Z" name="setUp" finished-at="2021-05-24T17:34:24Z" duration-ms="0" status="PASS">
          <reporter-output>
          </reporter-output>
        </test-method> <!-- setUp -->
        <test-method signature="Apis(java.lang.String, java.lang.String)[pri:2, instance:com.simplogics.testcases.APIS@76ba13c]" started-at="2021-05-24T17:34:24Z" name="Apis" data-provider="dp" finished-at="2021-05-24T17:34:24Z" duration-ms="2" status="SKIP">
          <params>
            <param index="0">
              <value>
                <![CDATA[GetCurrencyExchangeRate]]>
              </value>
            </param>
            <param index="1">
              <value>
                <![CDATA[N]]>
              </value>
            </param>
          </params>
          <exception class="org.testng.SkipException">
            <message>
              <![CDATA[Skipping the testcase as the Runmode for dataset is No]]>
            </message>
            <full-stacktrace>
              <![CDATA[org.testng.SkipException: Skipping the testcase as the Runmode for dataset is No
	at com.simplogics.testcases.APIS.Apis(APIS.java:24)
	at java.base/jdk.internal.reflect.NativeMethodAccessorImpl.invoke0(Native Method)
	at java.base/jdk.internal.reflect.NativeMethodAccessorImpl.invoke(NativeMethodAccessorImpl.java:62)
	at java.base/jdk.internal.reflect.DelegatingMethodAccessorImpl.invoke(DelegatingMethodAccessorImpl.java:43)
	at java.base/java.lang.reflect.Method.invoke(Method.java:566)
	at org.testng.internal.MethodInvocationHelper.invokeMethod(MethodInvocationHelper.java:108)
	at org.testng.internal.Invoker.invokeMethod(Invoker.java:661)
	at org.testng.internal.Invoker.invokeTestMethod(Invoker.java:869)
	at org.testng.internal.Invoker.invokeTestMethods(Invoker.java:1193)
	at org.testng.internal.TestMethodWorker.invokeTestMethods(TestMethodWorker.java:126)
	at org.testng.internal.TestMethodWorker.run(TestMethodWorker.java:109)
	at org.testng.TestRunner.privateRun(TestRunner.java:744)
	at org.testng.TestRunner.run(TestRunner.java:602)
	at org.testng.SuiteRunner.runTest(SuiteRunner.java:380)
	at org.testng.SuiteRunner.runSequentially(SuiteRunner.java:375)
	at org.testng.SuiteRunner.privateRun(SuiteRunner.java:340)
	at org.testng.SuiteRunner.run(SuiteRunner.java:289)
	at org.testng.SuiteRunnerWorker.runSuite(SuiteRunnerWorker.java:52)
	at org.testng.SuiteRunnerWorker.run(SuiteRunnerWorker.java:86)
	at org.testng.TestNG.runSuitesSequentially(TestNG.java:1301)
	at org.testng.TestNG.runSuitesLocally(TestNG.java:1226)
	at org.testng.TestNG.runSuites(TestNG.java:1144)
	at org.testng.TestNG.run(TestNG.java:1115)
	at org.testng.remote.AbstractRemoteTestNG.run(AbstractRemoteTestNG.java:115)
	at org.testng.remote.RemoteTestNG.initAndRun(RemoteTestNG.java:251)
	at org.testng.remote.RemoteTestNG.main(RemoteTestNG.java:77)
]]>
            </full-stacktrace>
          </exception> <!-- org.testng.SkipException -->
          <reporter-output>
          </reporter-output>
        </test-method> <!-- Apis -->
        <test-method is-config="true" signature="tearDown(org.testng.ITestResult)[pri:0, instance:com.simplogics.testcases.APIS@76ba13c]" started-at="2021-05-24T17:34:24Z" name="tearDown" finished-at="2021-05-24T17:34:24Z" duration-ms="1" status="PASS">
          <params>
            <param index="0">
              <value>
                <![CDATA[[TestResult name=Apis status=SKIP method=APIS.Apis(java.lang.String, java.lang.String)[pri:2, instance:com.simplogics.testcases.APIS@76ba13c] output={null}]]]>
              </value>
            </param>
          </params>
          <reporter-output>
          </reporter-output>
        </test-method> <!-- tearDown -->
        <test-method is-config="true" signature="setReport()[pri:0, instance:com.simplogics.testcases.APIS@76ba13c]" started-at="2021-05-24T17:34:24Z" name="setReport" finished-at="2021-05-24T17:34:24Z" duration-ms="117" status="PASS">
          <reporter-output>
          </reporter-output>
        </test-method> <!-- setReport -->
        <test-method signature="Apis(java.lang.String, java.lang.String)[pri:2, instance:com.simplogics.testcases.APIS@76ba13c]" started-at="2021-05-24T17:34:24Z" name="Apis" data-provider="dp" finished-at="2021-05-24T17:34:24Z" duration-ms="5" status="SKIP">
          <params>
            <param index="0">
              <value>
                <![CDATA[InventoryTargetGetSetting]]>
              </value>
            </param>
            <param index="1">
              <value>
                <![CDATA[N]]>
              </value>
            </param>
          </params>
          <exception class="org.testng.SkipException">
            <message>
              <![CDATA[Skipping the testcase as the Runmode for dataset is No]]>
            </message>
            <full-stacktrace>
              <![CDATA[org.testng.SkipException: Skipping the testcase as the Runmode for dataset is No
	at com.simplogics.testcases.APIS.Apis(APIS.java:24)
	at java.base/jdk.internal.reflect.NativeMethodAccessorImpl.invoke0(Native Method)
	at java.base/jdk.internal.reflect.NativeMethodAccessorImpl.invoke(NativeMethodAccessorImpl.java:62)
	at java.base/jdk.internal.reflect.DelegatingMethodAccessorImpl.invoke(DelegatingMethodAccessorImpl.java:43)
	at java.base/java.lang.reflect.Method.invoke(Method.java:566)
	at org.testng.internal.MethodInvocationHelper.invokeMethod(MethodInvocationHelper.java:108)
	at org.testng.internal.Invoker.invokeMethod(Invoker.java:661)
	at org.testng.internal.Invoker.invokeTestMethod(Invoker.java:869)
	at org.testng.internal.Invoker.invokeTestMethods(Invoker.java:1193)
	at org.testng.internal.TestMethodWorker.invokeTestMethods(TestMethodWorker.java:126)
	at org.testng.internal.TestMethodWorker.run(TestMethodWorker.java:109)
	at org.testng.TestRunner.privateRun(TestRunner.java:744)
	at org.testng.TestRunner.run(TestRunner.java:602)
	at org.testng.SuiteRunner.runTest(SuiteRunner.java:380)
	at org.testng.SuiteRunner.runSequentially(SuiteRunner.java:375)
	at org.testng.SuiteRunner.privateRun(SuiteRunner.java:340)
	at org.testng.SuiteRunner.run(SuiteRunner.java:289)
	at org.testng.SuiteRunnerWorker.runSuite(SuiteRunnerWorker.java:52)
	at org.testng.SuiteRunnerWorker.run(SuiteRunnerWorker.java:86)
	at org.testng.TestNG.runSuitesSequentially(TestNG.java:1301)
	at org.testng.TestNG.runSuitesLocally(TestNG.java:1226)
	at org.testng.TestNG.runSuites(TestNG.java:1144)
	at org.testng.TestNG.run(TestNG.java:1115)
	at org.testng.remote.AbstractRemoteTestNG.run(AbstractRemoteTestNG.java:115)
	at org.testng.remote.RemoteTestNG.initAndRun(RemoteTestNG.java:251)
	at org.testng.remote.RemoteTestNG.main(RemoteTestNG.java:77)
]]>
            </full-stacktrace>
          </exception> <!-- org.testng.SkipException -->
          <reporter-output>
          </reporter-output>
        </test-method> <!-- Apis -->
        <test-method is-config="true" signature="setUp()[pri:0, instance:com.simplogics.testcases.APIS@76ba13c]" started-at="2021-05-24T17:34:24Z" name="setUp" finished-at="2021-05-24T17:34:24Z" duration-ms="0" status="PASS">
          <reporter-output>
          </reporter-output>
        </test-method> <!-- setUp -->
        <test-method is-config="true" signature="tearDown(org.testng.ITestResult)[pri:0, instance:com.simplogics.testcases.APIS@76ba13c]" started-at="2021-05-24T17:34:24Z" name="tearDown" finished-at="2021-05-24T17:34:24Z" duration-ms="1" status="PASS">
          <params>
            <param index="0">
              <value>
                <![CDATA[[TestResult name=Apis status=SKIP method=APIS.Apis(java.lang.String, java.lang.String)[pri:2, instance:com.simplogics.testcases.APIS@76ba13c] output={null}]]]>
              </value>
            </param>
          </params>
          <reporter-output>
          </reporter-output>
        </test-method> <!-- tearDown -->
        <test-method is-config="true" signature="setReport()[pri:0, instance:com.simplogics.testcases.APIS@76ba13c]" started-at="2021-05-24T17:34:24Z" name="setReport" finished-at="2021-05-24T17:34:24Z" duration-ms="153" status="PASS">
          <reporter-output>
          </reporter-output>
        </test-method> <!-- setReport -->
        <test-method is-config="true" signature="setUp()[pri:0, instance:com.simplogics.testcases.APIS@76ba13c]" started-at="2021-05-24T17:34:24Z" name="setUp" finished-at="2021-05-24T17:34:24Z" duration-ms="1" status="PASS">
          <reporter-output>
          </reporter-output>
        </test-method> <!-- setUp -->
        <test-method signature="Apis(java.lang.String, java.lang.String)[pri:2, instance:com.simplogics.testcases.APIS@76ba13c]" started-at="2021-05-24T17:34:24Z" name="Apis" data-provider="dp" finished-at="2021-05-24T17:34:24Z" duration-ms="4" status="SKIP">
          <params>
            <param index="0">
              <value>
                <![CDATA[StockIn2]]>
              </value>
            </param>
            <param index="1">
              <value>
                <![CDATA[N]]>
              </value>
            </param>
          </params>
          <exception class="org.testng.SkipException">
            <message>
              <![CDATA[Skipping the testcase as the Runmode for dataset is No]]>
            </message>
            <full-stacktrace>
              <![CDATA[org.testng.SkipException: Skipping the testcase as the Runmode for dataset is No
	at com.simplogics.testcases.APIS.Apis(APIS.java:24)
	at java.base/jdk.internal.reflect.NativeMethodAccessorImpl.invoke0(Native Method)
	at java.base/jdk.internal.reflect.NativeMethodAccessorImpl.invoke(NativeMethodAccessorImpl.java:62)
	at java.base/jdk.internal.reflect.DelegatingMethodAccessorImpl.invoke(DelegatingMethodAccessorImpl.java:43)
	at java.base/java.lang.reflect.Method.invoke(Method.java:566)
	at org.testng.internal.MethodInvocationHelper.invokeMethod(MethodInvocationHelper.java:108)
	at org.testng.internal.Invoker.invokeMethod(Invoker.java:661)
	at org.testng.internal.Invoker.invokeTestMethod(Invoker.java:869)
	at org.testng.internal.Invoker.invokeTestMethods(Invoker.java:1193)
	at org.testng.internal.TestMethodWorker.invokeTestMethods(TestMethodWorker.java:126)
	at org.testng.internal.TestMethodWorker.run(TestMethodWorker.java:109)
	at org.testng.TestRunner.privateRun(TestRunner.java:744)
	at org.testng.TestRunner.run(TestRunner.java:602)
	at org.testng.SuiteRunner.runTest(SuiteRunner.java:380)
	at org.testng.SuiteRunner.runSequentially(SuiteRunner.java:375)
	at org.testng.SuiteRunner.privateRun(SuiteRunner.java:340)
	at org.testng.SuiteRunner.run(SuiteRunner.java:289)
	at org.testng.SuiteRunnerWorker.runSuite(SuiteRunnerWorker.java:52)
	at org.testng.SuiteRunnerWorker.run(SuiteRunnerWorker.java:86)
	at org.testng.TestNG.runSuitesSequentially(TestNG.java:1301)
	at org.testng.TestNG.runSuitesLocally(TestNG.java:1226)
	at org.testng.TestNG.runSuites(TestNG.java:1144)
	at org.testng.TestNG.run(TestNG.java:1115)
	at org.testng.remote.AbstractRemoteTestNG.run(AbstractRemoteTestNG.java:115)
	at org.testng.remote.RemoteTestNG.initAndRun(RemoteTestNG.java:251)
	at org.testng.remote.RemoteTestNG.main(RemoteTestNG.java:77)
]]>
            </full-stacktrace>
          </exception> <!-- org.testng.SkipException -->
          <reporter-output>
          </reporter-output>
        </test-method> <!-- Apis -->
        <test-method is-config="true" signature="tearDown(org.testng.ITestResult)[pri:0, instance:com.simplogics.testcases.APIS@76ba13c]" started-at="2021-05-24T17:34:24Z" name="tearDown" finished-at="2021-05-24T17:34:24Z" duration-ms="1" status="PASS">
          <params>
            <param index="0">
              <value>
                <![CDATA[[TestResult name=Apis status=SKIP method=APIS.Apis(java.lang.String, java.lang.String)[pri:2, instance:com.simplogics.testcases.APIS@76ba13c] output={null}]]]>
              </value>
            </param>
          </params>
          <reporter-output>
          </reporter-output>
        </test-method> <!-- tearDown -->
      </class> <!-- com.simplogics.testcases.APIS -->
    </test> <!-- Default test -->
  </suite> <!-- Default suite -->
</testng-results>
